The target system is: Android - 1 - aarch64
The host system is: Linux - 5.10.102.1-microsoft-standard-WSL2 - x86_64
Compiling the C compiler identification source file "CMakeCCompilerId.c" succeeded.
Compiler: /home/butter/CODES/Andr/ndk/android-ndk-r23c/toolchains/llvm/prebuilt/linux-x86_64/bin/clang 
Build flags: -g;-DANDROID;-fdata-sections;-ffunction-sections;-funwind-tables;-fstack-protector-strong;-no-canonical-prefixes;-D_FORTIFY_SOURCE=2;-Wformat;-Werror=format-security;
Id flags: -c;--target=aarch64-none-linux-android21 

The output was:
0


Compilation of the C compiler identification source "CMakeCCompilerId.c" produced "CMakeCCompilerId.o"

The C compiler identification is Clang, found in "/mnt/e/P/SRC/Eng/Lang/cpp/langAlg/build/CMakeFiles/3.25.0-rc1/CompilerIdC/CMakeCCompilerId.o"

Compiling the CXX compiler identification source file "CMakeCXXCompilerId.cpp" succeeded.
Compiler: /home/butter/CODES/Andr/ndk/android-ndk-r23c/toolchains/llvm/prebuilt/linux-x86_64/bin/clang++ 
Build flags: -g;-DANDROID;-fdata-sections;-ffunction-sections;-funwind-tables;-fstack-protector-strong;-no-canonical-prefixes;-D_FORTIFY_SOURCE=2;-Wformat;-Werror=format-security;;
Id flags: -c;--target=aarch64-none-linux-android21 

The output was:
0


Compilation of the CXX compiler identification source "CMakeCXXCompilerId.cpp" produced "CMakeCXXCompilerId.o"

The CXX compiler identification is Clang, found in "/mnt/e/P/SRC/Eng/Lang/cpp/langAlg/build/CMakeFiles/3.25.0-rc1/CompilerIdCXX/CMakeCXXCompilerId.o"

Detecting C compiler ABI info compiled with the following output:
Change Dir: /mnt/e/P/SRC/Eng/Lang/cpp/langAlg/build/CMakeFiles/CMakeScratch/TryCompile-g5pSz1

Run Build Command(s):/usr/bin/gmake -f Makefile cmTC_5a30e/fast && /usr/bin/gmake  -f CMakeFiles/cmTC_5a30e.dir/build.make CMakeFiles/cmTC_5a30e.dir/build
gmake[1]: Entering directory '/mnt/e/P/SRC/Eng/Lang/cpp/langAlg/build/CMakeFiles/CMakeScratch/TryCompile-g5pSz1'
Building C object CMakeFiles/cmTC_5a30e.dir/CMakeCCompilerABI.c.o
/home/butter/CODES/Andr/ndk/android-ndk-r23c/toolchains/llvm/prebuilt/linux-x86_64/bin/clang --target=aarch64-none-linux-android21 --gcc-toolchain=/home/butter/CODES/Andr/ndk/android-ndk-r23c/toolchains/llvm/prebuilt/linux-x86_64 --sysroot=/home/butter/CODES/Andr/ndk/android-ndk-r23c/toolchains/llvm/prebuilt/linux-x86_64/sysroot   -g -DANDROID -fdata-sections -ffunction-sections -funwind-tables -fstack-protector-strong -no-canonical-prefixes -D_FORTIFY_SOURCE=2 -Wformat   -fPIE   -v -MD -MT CMakeFiles/cmTC_5a30e.dir/CMakeCCompilerABI.c.o -MF CMakeFiles/cmTC_5a30e.dir/CMakeCCompilerABI.c.o.d -o CMakeFiles/cmTC_5a30e.dir/CMakeCCompilerABI.c.o -c /mnt/e/WSL/sftware/cmake/share/cmake-3.25/Modules/CMakeCCompilerABI.c
Android (8481493, based on r416183c2) clang version 12.0.9 (https://android.googlesource.com/toolchain/llvm-project c935d99d7cf2016289302412d708641d52d2f7ee)
Target: aarch64-none-linux-android21
Thread model: posix
InstalledDir: /home/butter/CODES/Andr/ndk/android-ndk-r23c/toolchains/llvm/prebuilt/linux-x86_64/bin
Found candidate GCC installation: /home/butter/CODES/Andr/ndk/android-ndk-r23c/toolchains/llvm/prebuilt/linux-x86_64/lib/gcc/aarch64-linux-android/4.9.x
Selected GCC installation: /home/butter/CODES/Andr/ndk/android-ndk-r23c/toolchains/llvm/prebuilt/linux-x86_64/lib/gcc/aarch64-linux-android/4.9.x
Candidate multilib: .;@m64
Selected multilib: .;@m64
Found CUDA installation: /usr/local/cuda-11.8, version 11.0
 (in-process)
 "/home/butter/CODES/Andr/ndk/android-ndk-r23c/toolchains/llvm/prebuilt/linux-x86_64/bin/clang" -cc1 -triple aarch64-none-linux-android21 -emit-obj -mrelax-all --mrelax-relocations -mnoexecstack -disable-free -disable-llvm-verifier -discard-value-names -main-file-name CMakeCCompilerABI.c -mrelocation-model pic -pic-level 2 -pic-is-pie -mframe-pointer=non-leaf -fno-rounding-math -mconstructor-aliases -munwind-tables -target-cpu generic -target-feature +neon -target-abi aapcs -mllvm -aarch64-fix-cortex-a53-835769=1 -fallow-half-arguments-and-returns -fno-split-dwarf-inlining -debug-info-kind=limited -dwarf-version=4 -debugger-tuning=gdb -v -ffunction-sections -fdata-sections -resource-dir /home/butter/CODES/Andr/ndk/android-ndk-r23c/toolchains/llvm/prebuilt/linux-x86_64/lib64/clang/12.0.9 -dependency-file CMakeFiles/cmTC_5a30e.dir/CMakeCCompilerABI.c.o.d -MT CMakeFiles/cmTC_5a30e.dir/CMakeCCompilerABI.c.o -sys-header-deps -D ANDROID -D _FORTIFY_SOURCE=2 -isysroot /home/butter/CODES/Andr/ndk/android-ndk-r23c/toolchains/llvm/prebuilt/linux-x86_64/sysroot -c-isystem . -c-isystem /usr/local/cuda/include -cxx-isystem . -cxx-isystem . -cxx-isystem /usr/local/cuda/include -internal-isystem /home/butter/CODES/Andr/ndk/android-ndk-r23c/toolchains/llvm/prebuilt/linux-x86_64/sysroot/usr/local/include -internal-isystem /home/butter/CODES/Andr/ndk/android-ndk-r23c/toolchains/llvm/prebuilt/linux-x86_64/lib64/clang/12.0.9/include -internal-externc-isystem /home/butter/CODES/Andr/ndk/android-ndk-r23c/toolchains/llvm/prebuilt/linux-x86_64/sysroot/usr/include/aarch64-linux-android -internal-externc-isystem /home/butter/CODES/Andr/ndk/android-ndk-r23c/toolchains/llvm/prebuilt/linux-x86_64/sysroot/include -internal-externc-isystem /home/butter/CODES/Andr/ndk/android-ndk-r23c/toolchains/llvm/prebuilt/linux-x86_64/sysroot/usr/include -Wformat -fdebug-compilation-dir /mnt/e/P/SRC/Eng/Lang/cpp/langAlg/build/CMakeFiles/CMakeScratch/TryCompile-g5pSz1 -ferror-limit 19 -stack-protector 2 -fno-signed-char -fgnuc-version=4.2.1 -o CMakeFiles/cmTC_5a30e.dir/CMakeCCompilerABI.c.o -x c /mnt/e/WSL/sftware/cmake/share/cmake-3.25/Modules/CMakeCCompilerABI.c
clang -cc1 version 12.0.9 based upon LLVM 12.0.9git default target x86_64-unknown-linux-gnu
ignoring nonexistent directory "/home/butter/CODES/Andr/ndk/android-ndk-r23c/toolchains/llvm/prebuilt/linux-x86_64/sysroot/include"
#include "..." search starts here:
#include <...> search starts here:
 .
 /usr/local/cuda/include
 /home/butter/CODES/Andr/ndk/android-ndk-r23c/toolchains/llvm/prebuilt/linux-x86_64/sysroot/usr/local/include
 /home/butter/CODES/Andr/ndk/android-ndk-r23c/toolchains/llvm/prebuilt/linux-x86_64/lib64/clang/12.0.9/include
 /home/butter/CODES/Andr/ndk/android-ndk-r23c/toolchains/llvm/prebuilt/linux-x86_64/sysroot/usr/include/aarch64-linux-android
 /home/butter/CODES/Andr/ndk/android-ndk-r23c/toolchains/llvm/prebuilt/linux-x86_64/sysroot/usr/include
End of search list.
Linking C executable cmTC_5a30e
/mnt/e/WSL/sftware/cmake/bin/cmake -E cmake_link_script CMakeFiles/cmTC_5a30e.dir/link.txt --verbose=1
/home/butter/CODES/Andr/ndk/android-ndk-r23c/toolchains/llvm/prebuilt/linux-x86_64/bin/clang --target=aarch64-none-linux-android21 --gcc-toolchain=/home/butter/CODES/Andr/ndk/android-ndk-r23c/toolchains/llvm/prebuilt/linux-x86_64 --sysroot=/home/butter/CODES/Andr/ndk/android-ndk-r23c/toolchains/llvm/prebuilt/linux-x86_64/sysroot -g -DANDROID -fdata-sections -ffunction-sections -funwind-tables -fstack-protector-strong -no-canonical-prefixes -D_FORTIFY_SOURCE=2 -Wformat   -static-libstdc++ -Wl,--build-id=sha1 -Wl,--no-rosegment -Wl,--fatal-warnings -Wl,--no-undefined -Qunused-arguments -Wl,--gc-sections  -v CMakeFiles/cmTC_5a30e.dir/CMakeCCompilerABI.c.o -o cmTC_5a30e 
Android (8481493, based on r416183c2) clang version 12.0.9 (https://android.googlesource.com/toolchain/llvm-project c935d99d7cf2016289302412d708641d52d2f7ee)
Target: aarch64-none-linux-android21
Thread model: posix
InstalledDir: /home/butter/CODES/Andr/ndk/android-ndk-r23c/toolchains/llvm/prebuilt/linux-x86_64/bin
Found candidate GCC installation: /home/butter/CODES/Andr/ndk/android-ndk-r23c/toolchains/llvm/prebuilt/linux-x86_64/lib/gcc/aarch64-linux-android/4.9.x
Selected GCC installation: /home/butter/CODES/Andr/ndk/android-ndk-r23c/toolchains/llvm/prebuilt/linux-x86_64/lib/gcc/aarch64-linux-android/4.9.x
Candidate multilib: .;@m64
Selected multilib: .;@m64
Found CUDA installation: /usr/local/cuda-11.8, version 11.0
 "/home/butter/CODES/Andr/ndk/android-ndk-r23c/toolchains/llvm/prebuilt/linux-x86_64/bin/ld" --sysroot=/home/butter/CODES/Andr/ndk/android-ndk-r23c/toolchains/llvm/prebuilt/linux-x86_64/sysroot -pie -z noexecstack -EL --fix-cortex-a53-843419 --warn-shared-textrel -z now -z relro -z max-page-size=4096 --hash-style=both --enable-new-dtags --eh-frame-hdr -m aarch64linux -dynamic-linker /system/bin/linker64 -o cmTC_5a30e /home/butter/CODES/Andr/ndk/android-ndk-r23c/toolchains/llvm/prebuilt/linux-x86_64/sysroot/usr/lib/aarch64-linux-android/21/crtbegin_dynamic.o -L/home/butter/CODES/Andr/ndk/android-ndk-r23c/toolchains/llvm/prebuilt/linux-x86_64/lib64/clang/12.0.9/lib/linux/aarch64 -L/home/butter/CODES/Andr/ndk/android-ndk-r23c/toolchains/llvm/prebuilt/linux-x86_64/lib/gcc/aarch64-linux-android/4.9.x -L/home/butter/CODES/Andr/ndk/android-ndk-r23c/toolchains/llvm/prebuilt/linux-x86_64/sysroot/usr/lib/aarch64-linux-android/21 -L/home/butter/CODES/Andr/ndk/android-ndk-r23c/toolchains/llvm/prebuilt/linux-x86_64/sysroot/usr/lib/aarch64-linux-android -L/home/butter/CODES/Andr/ndk/android-ndk-r23c/toolchains/llvm/prebuilt/linux-x86_64/sysroot/usr/lib --build-id=sha1 --no-rosegment --fatal-warnings --no-undefined --gc-sections CMakeFiles/cmTC_5a30e.dir/CMakeCCompilerABI.c.o /home/butter/CODES/Andr/ndk/android-ndk-r23c/toolchains/llvm/prebuilt/linux-x86_64/lib64/clang/12.0.9/lib/linux/libclang_rt.builtins-aarch64-android.a -l:libunwind.a -ldl -lc /home/butter/CODES/Andr/ndk/android-ndk-r23c/toolchains/llvm/prebuilt/linux-x86_64/lib64/clang/12.0.9/lib/linux/libclang_rt.builtins-aarch64-android.a -l:libunwind.a -ldl /home/butter/CODES/Andr/ndk/android-ndk-r23c/toolchains/llvm/prebuilt/linux-x86_64/sysroot/usr/lib/aarch64-linux-android/21/crtend_android.o
gmake[1]: Leaving directory '/mnt/e/P/SRC/Eng/Lang/cpp/langAlg/build/CMakeFiles/CMakeScratch/TryCompile-g5pSz1'



Parsed C implicit include dir info from above output: rv=done
  found start of include info
  found start of implicit include info
    add: [.]
    add: [/usr/local/cuda/include]
    add: [/home/butter/CODES/Andr/ndk/android-ndk-r23c/toolchains/llvm/prebuilt/linux-x86_64/sysroot/usr/local/include]
    add: [/home/butter/CODES/Andr/ndk/android-ndk-r23c/toolchains/llvm/prebuilt/linux-x86_64/lib64/clang/12.0.9/include]
    add: [/home/butter/CODES/Andr/ndk/android-ndk-r23c/toolchains/llvm/prebuilt/linux-x86_64/sysroot/usr/include/aarch64-linux-android]
    add: [/home/butter/CODES/Andr/ndk/android-ndk-r23c/toolchains/llvm/prebuilt/linux-x86_64/sysroot/usr/include]
  end of search list found
  skipping relative include dir [.]
  collapse include dir [/usr/local/cuda/include] ==> [/usr/local/cuda/include]
  collapse include dir [/home/butter/CODES/Andr/ndk/android-ndk-r23c/toolchains/llvm/prebuilt/linux-x86_64/sysroot/usr/local/include] ==> [/home/butter/CODES/Andr/ndk/android-ndk-r23c/toolchains/llvm/prebuilt/linux-x86_64/sysroot/usr/local/include]
  collapse include dir [/home/butter/CODES/Andr/ndk/android-ndk-r23c/toolchains/llvm/prebuilt/linux-x86_64/lib64/clang/12.0.9/include] ==> [/home/butter/CODES/Andr/ndk/android-ndk-r23c/toolchains/llvm/prebuilt/linux-x86_64/lib64/clang/12.0.9/include]
  collapse include dir [/home/butter/CODES/Andr/ndk/android-ndk-r23c/toolchains/llvm/prebuilt/linux-x86_64/sysroot/usr/include/aarch64-linux-android] ==> [/home/butter/CODES/Andr/ndk/android-ndk-r23c/toolchains/llvm/prebuilt/linux-x86_64/sysroot/usr/include/aarch64-linux-android]
  collapse include dir [/home/butter/CODES/Andr/ndk/android-ndk-r23c/toolchains/llvm/prebuilt/linux-x86_64/sysroot/usr/include] ==> [/home/butter/CODES/Andr/ndk/android-ndk-r23c/toolchains/llvm/prebuilt/linux-x86_64/sysroot/usr/include]
  implicit include dirs: [/usr/local/cuda/include;/home/butter/CODES/Andr/ndk/android-ndk-r23c/toolchains/llvm/prebuilt/linux-x86_64/sysroot/usr/local/include;/home/butter/CODES/Andr/ndk/android-ndk-r23c/toolchains/llvm/prebuilt/linux-x86_64/lib64/clang/12.0.9/include;/home/butter/CODES/Andr/ndk/android-ndk-r23c/toolchains/llvm/prebuilt/linux-x86_64/sysroot/usr/include/aarch64-linux-android;/home/butter/CODES/Andr/ndk/android-ndk-r23c/toolchains/llvm/prebuilt/linux-x86_64/sysroot/usr/include]


Parsed C implicit link information from above output:
  link line regex: [^( *|.*[/\])(ld\.lld|CMAKE_LINK_STARTFILE-NOTFOUND|([^/\]+-)?ld|collect2)[^/\]*( |$)]
  ignore line: [Change Dir: /mnt/e/P/SRC/Eng/Lang/cpp/langAlg/build/CMakeFiles/CMakeScratch/TryCompile-g5pSz1]
  ignore line: []
  ignore line: [Run Build Command(s):/usr/bin/gmake -f Makefile cmTC_5a30e/fast && /usr/bin/gmake  -f CMakeFiles/cmTC_5a30e.dir/build.make CMakeFiles/cmTC_5a30e.dir/build]
  ignore line: [gmake[1]: Entering directory '/mnt/e/P/SRC/Eng/Lang/cpp/langAlg/build/CMakeFiles/CMakeScratch/TryCompile-g5pSz1']
  ignore line: [Building C object CMakeFiles/cmTC_5a30e.dir/CMakeCCompilerABI.c.o]
  ignore line: [/home/butter/CODES/Andr/ndk/android-ndk-r23c/toolchains/llvm/prebuilt/linux-x86_64/bin/clang --target=aarch64-none-linux-android21 --gcc-toolchain=/home/butter/CODES/Andr/ndk/android-ndk-r23c/toolchains/llvm/prebuilt/linux-x86_64 --sysroot=/home/butter/CODES/Andr/ndk/android-ndk-r23c/toolchains/llvm/prebuilt/linux-x86_64/sysroot   -g -DANDROID -fdata-sections -ffunction-sections -funwind-tables -fstack-protector-strong -no-canonical-prefixes -D_FORTIFY_SOURCE=2 -Wformat   -fPIE   -v -MD -MT CMakeFiles/cmTC_5a30e.dir/CMakeCCompilerABI.c.o -MF CMakeFiles/cmTC_5a30e.dir/CMakeCCompilerABI.c.o.d -o CMakeFiles/cmTC_5a30e.dir/CMakeCCompilerABI.c.o -c /mnt/e/WSL/sftware/cmake/share/cmake-3.25/Modules/CMakeCCompilerABI.c]
  ignore line: [Android (8481493  based on r416183c2) clang version 12.0.9 (https://android.googlesource.com/toolchain/llvm-project c935d99d7cf2016289302412d708641d52d2f7ee)]
  ignore line: [Target: aarch64-none-linux-android21]
  ignore line: [Thread model: posix]
  ignore line: [InstalledDir: /home/butter/CODES/Andr/ndk/android-ndk-r23c/toolchains/llvm/prebuilt/linux-x86_64/bin]
  ignore line: [Found candidate GCC installation: /home/butter/CODES/Andr/ndk/android-ndk-r23c/toolchains/llvm/prebuilt/linux-x86_64/lib/gcc/aarch64-linux-android/4.9.x]
  ignore line: [Selected GCC installation: /home/butter/CODES/Andr/ndk/android-ndk-r23c/toolchains/llvm/prebuilt/linux-x86_64/lib/gcc/aarch64-linux-android/4.9.x]
  ignore line: [Candidate multilib: .]
  ignore line: [@m64]
  ignore line: [Selected multilib: .]
  ignore line: [@m64]
  ignore line: [Found CUDA installation: /usr/local/cuda-11.8  version 11.0]
  ignore line: [ (in-process)]
  ignore line: [ "/home/butter/CODES/Andr/ndk/android-ndk-r23c/toolchains/llvm/prebuilt/linux-x86_64/bin/clang" -cc1 -triple aarch64-none-linux-android21 -emit-obj -mrelax-all --mrelax-relocations -mnoexecstack -disable-free -disable-llvm-verifier -discard-value-names -main-file-name CMakeCCompilerABI.c -mrelocation-model pic -pic-level 2 -pic-is-pie -mframe-pointer=non-leaf -fno-rounding-math -mconstructor-aliases -munwind-tables -target-cpu generic -target-feature +neon -target-abi aapcs -mllvm -aarch64-fix-cortex-a53-835769=1 -fallow-half-arguments-and-returns -fno-split-dwarf-inlining -debug-info-kind=limited -dwarf-version=4 -debugger-tuning=gdb -v -ffunction-sections -fdata-sections -resource-dir /home/butter/CODES/Andr/ndk/android-ndk-r23c/toolchains/llvm/prebuilt/linux-x86_64/lib64/clang/12.0.9 -dependency-file CMakeFiles/cmTC_5a30e.dir/CMakeCCompilerABI.c.o.d -MT CMakeFiles/cmTC_5a30e.dir/CMakeCCompilerABI.c.o -sys-header-deps -D ANDROID -D _FORTIFY_SOURCE=2 -isysroot /home/butter/CODES/Andr/ndk/android-ndk-r23c/toolchains/llvm/prebuilt/linux-x86_64/sysroot -c-isystem . -c-isystem /usr/local/cuda/include -cxx-isystem . -cxx-isystem . -cxx-isystem /usr/local/cuda/include -internal-isystem /home/butter/CODES/Andr/ndk/android-ndk-r23c/toolchains/llvm/prebuilt/linux-x86_64/sysroot/usr/local/include -internal-isystem /home/butter/CODES/Andr/ndk/android-ndk-r23c/toolchains/llvm/prebuilt/linux-x86_64/lib64/clang/12.0.9/include -internal-externc-isystem /home/butter/CODES/Andr/ndk/android-ndk-r23c/toolchains/llvm/prebuilt/linux-x86_64/sysroot/usr/include/aarch64-linux-android -internal-externc-isystem /home/butter/CODES/Andr/ndk/android-ndk-r23c/toolchains/llvm/prebuilt/linux-x86_64/sysroot/include -internal-externc-isystem /home/butter/CODES/Andr/ndk/android-ndk-r23c/toolchains/llvm/prebuilt/linux-x86_64/sysroot/usr/include -Wformat -fdebug-compilation-dir /mnt/e/P/SRC/Eng/Lang/cpp/langAlg/build/CMakeFiles/CMakeScratch/TryCompile-g5pSz1 -ferror-limit 19 -stack-protector 2 -fno-signed-char -fgnuc-version=4.2.1 -o CMakeFiles/cmTC_5a30e.dir/CMakeCCompilerABI.c.o -x c /mnt/e/WSL/sftware/cmake/share/cmake-3.25/Modules/CMakeCCompilerABI.c]
  ignore line: [clang -cc1 version 12.0.9 based upon LLVM 12.0.9git default target x86_64-unknown-linux-gnu]
  ignore line: [ignoring nonexistent directory "/home/butter/CODES/Andr/ndk/android-ndk-r23c/toolchains/llvm/prebuilt/linux-x86_64/sysroot/include"]
  ignore line: [#include "..." search starts here:]
  ignore line: [#include <...> search starts here:]
  ignore line: [ .]
  ignore line: [ /usr/local/cuda/include]
  ignore line: [ /home/butter/CODES/Andr/ndk/android-ndk-r23c/toolchains/llvm/prebuilt/linux-x86_64/sysroot/usr/local/include]
  ignore line: [ /home/butter/CODES/Andr/ndk/android-ndk-r23c/toolchains/llvm/prebuilt/linux-x86_64/lib64/clang/12.0.9/include]
  ignore line: [ /home/butter/CODES/Andr/ndk/android-ndk-r23c/toolchains/llvm/prebuilt/linux-x86_64/sysroot/usr/include/aarch64-linux-android]
  ignore line: [ /home/butter/CODES/Andr/ndk/android-ndk-r23c/toolchains/llvm/prebuilt/linux-x86_64/sysroot/usr/include]
  ignore line: [End of search list.]
  ignore line: [Linking C executable cmTC_5a30e]
  ignore line: [/mnt/e/WSL/sftware/cmake/bin/cmake -E cmake_link_script CMakeFiles/cmTC_5a30e.dir/link.txt --verbose=1]
  ignore line: [/home/butter/CODES/Andr/ndk/android-ndk-r23c/toolchains/llvm/prebuilt/linux-x86_64/bin/clang --target=aarch64-none-linux-android21 --gcc-toolchain=/home/butter/CODES/Andr/ndk/android-ndk-r23c/toolchains/llvm/prebuilt/linux-x86_64 --sysroot=/home/butter/CODES/Andr/ndk/android-ndk-r23c/toolchains/llvm/prebuilt/linux-x86_64/sysroot -g -DANDROID -fdata-sections -ffunction-sections -funwind-tables -fstack-protector-strong -no-canonical-prefixes -D_FORTIFY_SOURCE=2 -Wformat   -static-libstdc++ -Wl --build-id=sha1 -Wl --no-rosegment -Wl --fatal-warnings -Wl --no-undefined -Qunused-arguments -Wl --gc-sections  -v CMakeFiles/cmTC_5a30e.dir/CMakeCCompilerABI.c.o -o cmTC_5a30e ]
  ignore line: [Android (8481493  based on r416183c2) clang version 12.0.9 (https://android.googlesource.com/toolchain/llvm-project c935d99d7cf2016289302412d708641d52d2f7ee)]
  ignore line: [Target: aarch64-none-linux-android21]
  ignore line: [Thread model: posix]
  ignore line: [InstalledDir: /home/butter/CODES/Andr/ndk/android-ndk-r23c/toolchains/llvm/prebuilt/linux-x86_64/bin]
  ignore line: [Found candidate GCC installation: /home/butter/CODES/Andr/ndk/android-ndk-r23c/toolchains/llvm/prebuilt/linux-x86_64/lib/gcc/aarch64-linux-android/4.9.x]
  ignore line: [Selected GCC installation: /home/butter/CODES/Andr/ndk/android-ndk-r23c/toolchains/llvm/prebuilt/linux-x86_64/lib/gcc/aarch64-linux-android/4.9.x]
  ignore line: [Candidate multilib: .]
  ignore line: [@m64]
  ignore line: [Selected multilib: .]
  ignore line: [@m64]
  ignore line: [Found CUDA installation: /usr/local/cuda-11.8  version 11.0]
  link line: [ "/home/butter/CODES/Andr/ndk/android-ndk-r23c/toolchains/llvm/prebuilt/linux-x86_64/bin/ld" --sysroot=/home/butter/CODES/Andr/ndk/android-ndk-r23c/toolchains/llvm/prebuilt/linux-x86_64/sysroot -pie -z noexecstack -EL --fix-cortex-a53-843419 --warn-shared-textrel -z now -z relro -z max-page-size=4096 --hash-style=both --enable-new-dtags --eh-frame-hdr -m aarch64linux -dynamic-linker /system/bin/linker64 -o cmTC_5a30e /home/butter/CODES/Andr/ndk/android-ndk-r23c/toolchains/llvm/prebuilt/linux-x86_64/sysroot/usr/lib/aarch64-linux-android/21/crtbegin_dynamic.o -L/home/butter/CODES/Andr/ndk/android-ndk-r23c/toolchains/llvm/prebuilt/linux-x86_64/lib64/clang/12.0.9/lib/linux/aarch64 -L/home/butter/CODES/Andr/ndk/android-ndk-r23c/toolchains/llvm/prebuilt/linux-x86_64/lib/gcc/aarch64-linux-android/4.9.x -L/home/butter/CODES/Andr/ndk/android-ndk-r23c/toolchains/llvm/prebuilt/linux-x86_64/sysroot/usr/lib/aarch64-linux-android/21 -L/home/butter/CODES/Andr/ndk/android-ndk-r23c/toolchains/llvm/prebuilt/linux-x86_64/sysroot/usr/lib/aarch64-linux-android -L/home/butter/CODES/Andr/ndk/android-ndk-r23c/toolchains/llvm/prebuilt/linux-x86_64/sysroot/usr/lib --build-id=sha1 --no-rosegment --fatal-warnings --no-undefined --gc-sections CMakeFiles/cmTC_5a30e.dir/CMakeCCompilerABI.c.o /home/butter/CODES/Andr/ndk/android-ndk-r23c/toolchains/llvm/prebuilt/linux-x86_64/lib64/clang/12.0.9/lib/linux/libclang_rt.builtins-aarch64-android.a -l:libunwind.a -ldl -lc /home/butter/CODES/Andr/ndk/android-ndk-r23c/toolchains/llvm/prebuilt/linux-x86_64/lib64/clang/12.0.9/lib/linux/libclang_rt.builtins-aarch64-android.a -l:libunwind.a -ldl /home/butter/CODES/Andr/ndk/android-ndk-r23c/toolchains/llvm/prebuilt/linux-x86_64/sysroot/usr/lib/aarch64-linux-android/21/crtend_android.o]
    arg [/home/butter/CODES/Andr/ndk/android-ndk-r23c/toolchains/llvm/prebuilt/linux-x86_64/bin/ld] ==> ignore
    arg [--sysroot=/home/butter/CODES/Andr/ndk/android-ndk-r23c/toolchains/llvm/prebuilt/linux-x86_64/sysroot] ==> ignore
    arg [-pie] ==> ignore
    arg [-znoexecstack] ==> ignore
    arg [-EL] ==> ignore
    arg [--fix-cortex-a53-843419] ==> ignore
    arg [--warn-shared-textrel] ==> ignore
    arg [-znow] ==> ignore
    arg [-zrelro] ==> ignore
    arg [-zmax-page-size=4096] ==> ignore
    arg [--hash-style=both] ==> ignore
    arg [--enable-new-dtags] ==> ignore
    arg [--eh-frame-hdr] ==> ignore
    arg [-m] ==> ignore
    arg [aarch64linux] ==> ignore
    arg [-dynamic-linker] ==> ignore
    arg [/system/bin/linker64] ==> ignore
    arg [-o] ==> ignore
    arg [cmTC_5a30e] ==> ignore
    arg [/home/butter/CODES/Andr/ndk/android-ndk-r23c/toolchains/llvm/prebuilt/linux-x86_64/sysroot/usr/lib/aarch64-linux-android/21/crtbegin_dynamic.o] ==> obj [/home/butter/CODES/Andr/ndk/android-ndk-r23c/toolchains/llvm/prebuilt/linux-x86_64/sysroot/usr/lib/aarch64-linux-android/21/crtbegin_dynamic.o]
    arg [-L/home/butter/CODES/Andr/ndk/android-ndk-r23c/toolchains/llvm/prebuilt/linux-x86_64/lib64/clang/12.0.9/lib/linux/aarch64] ==> dir [/home/butter/CODES/Andr/ndk/android-ndk-r23c/toolchains/llvm/prebuilt/linux-x86_64/lib64/clang/12.0.9/lib/linux/aarch64]
    arg [-L/home/butter/CODES/Andr/ndk/android-ndk-r23c/toolchains/llvm/prebuilt/linux-x86_64/lib/gcc/aarch64-linux-android/4.9.x] ==> dir [/home/butter/CODES/Andr/ndk/android-ndk-r23c/toolchains/llvm/prebuilt/linux-x86_64/lib/gcc/aarch64-linux-android/4.9.x]
    arg [-L/home/butter/CODES/Andr/ndk/android-ndk-r23c/toolchains/llvm/prebuilt/linux-x86_64/sysroot/usr/lib/aarch64-linux-android/21] ==> dir [/home/butter/CODES/Andr/ndk/android-ndk-r23c/toolchains/llvm/prebuilt/linux-x86_64/sysroot/usr/lib/aarch64-linux-android/21]
    arg [-L/home/butter/CODES/Andr/ndk/android-ndk-r23c/toolchains/llvm/prebuilt/linux-x86_64/sysroot/usr/lib/aarch64-linux-android] ==> dir [/home/butter/CODES/Andr/ndk/android-ndk-r23c/toolchains/llvm/prebuilt/linux-x86_64/sysroot/usr/lib/aarch64-linux-android]
    arg [-L/home/butter/CODES/Andr/ndk/android-ndk-r23c/toolchains/llvm/prebuilt/linux-x86_64/sysroot/usr/lib] ==> dir [/home/butter/CODES/Andr/ndk/android-ndk-r23c/toolchains/llvm/prebuilt/linux-x86_64/sysroot/usr/lib]
    arg [--build-id=sha1] ==> ignore
    arg [--no-rosegment] ==> ignore
    arg [--fatal-warnings] ==> ignore
    arg [--no-undefined] ==> ignore
    arg [--gc-sections] ==> ignore
    arg [CMakeFiles/cmTC_5a30e.dir/CMakeCCompilerABI.c.o] ==> ignore
    arg [/home/butter/CODES/Andr/ndk/android-ndk-r23c/toolchains/llvm/prebuilt/linux-x86_64/lib64/clang/12.0.9/lib/linux/libclang_rt.builtins-aarch64-android.a] ==> lib [/home/butter/CODES/Andr/ndk/android-ndk-r23c/toolchains/llvm/prebuilt/linux-x86_64/lib64/clang/12.0.9/lib/linux/libclang_rt.builtins-aarch64-android.a]
    arg [-l:libunwind.a] ==> lib [-l:libunwind.a]
    arg [-ldl] ==> lib [dl]
    arg [-lc] ==> lib [c]
    arg [/home/butter/CODES/Andr/ndk/android-ndk-r23c/toolchains/llvm/prebuilt/linux-x86_64/lib64/clang/12.0.9/lib/linux/libclang_rt.builtins-aarch64-android.a] ==> lib [/home/butter/CODES/Andr/ndk/android-ndk-r23c/toolchains/llvm/prebuilt/linux-x86_64/lib64/clang/12.0.9/lib/linux/libclang_rt.builtins-aarch64-android.a]
    arg [-l:libunwind.a] ==> lib [-l:libunwind.a]
    arg [-ldl] ==> lib [dl]
    arg [/home/butter/CODES/Andr/ndk/android-ndk-r23c/toolchains/llvm/prebuilt/linux-x86_64/sysroot/usr/lib/aarch64-linux-android/21/crtend_android.o] ==> obj [/home/butter/CODES/Andr/ndk/android-ndk-r23c/toolchains/llvm/prebuilt/linux-x86_64/sysroot/usr/lib/aarch64-linux-android/21/crtend_android.o]
  remove lib [/home/butter/CODES/Andr/ndk/android-ndk-r23c/toolchains/llvm/prebuilt/linux-x86_64/lib64/clang/12.0.9/lib/linux/libclang_rt.builtins-aarch64-android.a]
  remove lib [/home/butter/CODES/Andr/ndk/android-ndk-r23c/toolchains/llvm/prebuilt/linux-x86_64/lib64/clang/12.0.9/lib/linux/libclang_rt.builtins-aarch64-android.a]
  collapse library dir [/home/butter/CODES/Andr/ndk/android-ndk-r23c/toolchains/llvm/prebuilt/linux-x86_64/lib64/clang/12.0.9/lib/linux/aarch64] ==> [/home/butter/CODES/Andr/ndk/android-ndk-r23c/toolchains/llvm/prebuilt/linux-x86_64/lib64/clang/12.0.9/lib/linux/aarch64]
  collapse library dir [/home/butter/CODES/Andr/ndk/android-ndk-r23c/toolchains/llvm/prebuilt/linux-x86_64/lib/gcc/aarch64-linux-android/4.9.x] ==> [/home/butter/CODES/Andr/ndk/android-ndk-r23c/toolchains/llvm/prebuilt/linux-x86_64/lib/gcc/aarch64-linux-android/4.9.x]
  collapse library dir [/home/butter/CODES/Andr/ndk/android-ndk-r23c/toolchains/llvm/prebuilt/linux-x86_64/sysroot/usr/lib/aarch64-linux-android/21] ==> [/home/butter/CODES/Andr/ndk/android-ndk-r23c/toolchains/llvm/prebuilt/linux-x86_64/sysroot/usr/lib/aarch64-linux-android/21]
  collapse library dir [/home/butter/CODES/Andr/ndk/android-ndk-r23c/toolchains/llvm/prebuilt/linux-x86_64/sysroot/usr/lib/aarch64-linux-android] ==> [/home/butter/CODES/Andr/ndk/android-ndk-r23c/toolchains/llvm/prebuilt/linux-x86_64/sysroot/usr/lib/aarch64-linux-android]
  collapse library dir [/home/butter/CODES/Andr/ndk/android-ndk-r23c/toolchains/llvm/prebuilt/linux-x86_64/sysroot/usr/lib] ==> [/home/butter/CODES/Andr/ndk/android-ndk-r23c/toolchains/llvm/prebuilt/linux-x86_64/sysroot/usr/lib]
  implicit libs: [-l:libunwind.a;dl;c;-l:libunwind.a;dl]
  implicit objs: [/home/butter/CODES/Andr/ndk/android-ndk-r23c/toolchains/llvm/prebuilt/linux-x86_64/sysroot/usr/lib/aarch64-linux-android/21/crtbegin_dynamic.o;/home/butter/CODES/Andr/ndk/android-ndk-r23c/toolchains/llvm/prebuilt/linux-x86_64/sysroot/usr/lib/aarch64-linux-android/21/crtend_android.o]
  implicit dirs: [/home/butter/CODES/Andr/ndk/android-ndk-r23c/toolchains/llvm/prebuilt/linux-x86_64/lib64/clang/12.0.9/lib/linux/aarch64;/home/butter/CODES/Andr/ndk/android-ndk-r23c/toolchains/llvm/prebuilt/linux-x86_64/lib/gcc/aarch64-linux-android/4.9.x;/home/butter/CODES/Andr/ndk/android-ndk-r23c/toolchains/llvm/prebuilt/linux-x86_64/sysroot/usr/lib/aarch64-linux-android/21;/home/butter/CODES/Andr/ndk/android-ndk-r23c/toolchains/llvm/prebuilt/linux-x86_64/sysroot/usr/lib/aarch64-linux-android;/home/butter/CODES/Andr/ndk/android-ndk-r23c/toolchains/llvm/prebuilt/linux-x86_64/sysroot/usr/lib]
  implicit fwks: []


Detecting CXX compiler ABI info compiled with the following output:
Change Dir: /mnt/e/P/SRC/Eng/Lang/cpp/langAlg/build/CMakeFiles/CMakeScratch/TryCompile-ueyhCO

Run Build Command(s):/usr/bin/gmake -f Makefile cmTC_170ab/fast && /usr/bin/gmake  -f CMakeFiles/cmTC_170ab.dir/build.make CMakeFiles/cmTC_170ab.dir/build
gmake[1]: Entering directory '/mnt/e/P/SRC/Eng/Lang/cpp/langAlg/build/CMakeFiles/CMakeScratch/TryCompile-ueyhCO'
Building CXX object CMakeFiles/cmTC_170ab.dir/CMakeCXXCompilerABI.cpp.o
/home/butter/CODES/Andr/ndk/android-ndk-r23c/toolchains/llvm/prebuilt/linux-x86_64/bin/clang++ --target=aarch64-none-linux-android21 --gcc-toolchain=/home/butter/CODES/Andr/ndk/android-ndk-r23c/toolchains/llvm/prebuilt/linux-x86_64 --sysroot=/home/butter/CODES/Andr/ndk/android-ndk-r23c/toolchains/llvm/prebuilt/linux-x86_64/sysroot   -g -DANDROID -fdata-sections -ffunction-sections -funwind-tables -fstack-protector-strong -no-canonical-prefixes -D_FORTIFY_SOURCE=2 -Wformat    -fPIE   -v -MD -MT CMakeFiles/cmTC_170ab.dir/CMakeCXXCompilerABI.cpp.o -MF CMakeFiles/cmTC_170ab.dir/CMakeCXXCompilerABI.cpp.o.d -o CMakeFiles/cmTC_170ab.dir/CMakeCXXCompilerABI.cpp.o -c /mnt/e/WSL/sftware/cmake/share/cmake-3.25/Modules/CMakeCXXCompilerABI.cpp
Android (8481493, based on r416183c2) clang version 12.0.9 (https://android.googlesource.com/toolchain/llvm-project c935d99d7cf2016289302412d708641d52d2f7ee)
Target: aarch64-none-linux-android21
Thread model: posix
InstalledDir: /home/butter/CODES/Andr/ndk/android-ndk-r23c/toolchains/llvm/prebuilt/linux-x86_64/bin
Found candidate GCC installation: /home/butter/CODES/Andr/ndk/android-ndk-r23c/toolchains/llvm/prebuilt/linux-x86_64/lib/gcc/aarch64-linux-android/4.9.x
Selected GCC installation: /home/butter/CODES/Andr/ndk/android-ndk-r23c/toolchains/llvm/prebuilt/linux-x86_64/lib/gcc/aarch64-linux-android/4.9.x
Candidate multilib: .;@m64
Selected multilib: .;@m64
Found CUDA installation: /usr/local/cuda-11.8, version 11.0
 (in-process)
 "/home/butter/CODES/Andr/ndk/android-ndk-r23c/toolchains/llvm/prebuilt/linux-x86_64/bin/clang++" -cc1 -triple aarch64-none-linux-android21 -emit-obj -mrelax-all --mrelax-relocations -mnoexecstack -disable-free -disable-llvm-verifier -discard-value-names -main-file-name CMakeCXXCompilerABI.cpp -mrelocation-model pic -pic-level 2 -pic-is-pie -mframe-pointer=non-leaf -fno-rounding-math -mconstructor-aliases -munwind-tables -target-cpu generic -target-feature +neon -target-abi aapcs -mllvm -aarch64-fix-cortex-a53-835769=1 -fallow-half-arguments-and-returns -fno-split-dwarf-inlining -debug-info-kind=limited -dwarf-version=4 -debugger-tuning=gdb -v -ffunction-sections -fdata-sections -resource-dir /home/butter/CODES/Andr/ndk/android-ndk-r23c/toolchains/llvm/prebuilt/linux-x86_64/lib64/clang/12.0.9 -dependency-file CMakeFiles/cmTC_170ab.dir/CMakeCXXCompilerABI.cpp.o.d -MT CMakeFiles/cmTC_170ab.dir/CMakeCXXCompilerABI.cpp.o -sys-header-deps -D ANDROID -D _FORTIFY_SOURCE=2 -isysroot /home/butter/CODES/Andr/ndk/android-ndk-r23c/toolchains/llvm/prebuilt/linux-x86_64/sysroot -c-isystem . -c-isystem /usr/local/cuda/include -cxx-isystem . -cxx-isystem . -cxx-isystem /usr/local/cuda/include -internal-isystem /home/butter/CODES/Andr/ndk/android-ndk-r23c/toolchains/llvm/prebuilt/linux-x86_64/sysroot/usr/include/c++/v1 -internal-isystem /home/butter/CODES/Andr/ndk/android-ndk-r23c/toolchains/llvm/prebuilt/linux-x86_64/sysroot/usr/local/include -internal-isystem /home/butter/CODES/Andr/ndk/android-ndk-r23c/toolchains/llvm/prebuilt/linux-x86_64/lib64/clang/12.0.9/include -internal-externc-isystem /home/butter/CODES/Andr/ndk/android-ndk-r23c/toolchains/llvm/prebuilt/linux-x86_64/sysroot/usr/include/aarch64-linux-android -internal-externc-isystem /home/butter/CODES/Andr/ndk/android-ndk-r23c/toolchains/llvm/prebuilt/linux-x86_64/sysroot/include -internal-externc-isystem /home/butter/CODES/Andr/ndk/android-ndk-r23c/toolchains/llvm/prebuilt/linux-x86_64/sysroot/usr/include -Wformat -fdeprecated-macro -fdebug-compilation-dir /mnt/e/P/SRC/Eng/Lang/cpp/langAlg/build/CMakeFiles/CMakeScratch/TryCompile-ueyhCO -ferror-limit 19 -stack-protector 2 -fno-signed-char -fgnuc-version=4.2.1 -fcxx-exceptions -fexceptions -o CMakeFiles/cmTC_170ab.dir/CMakeCXXCompilerABI.cpp.o -x c++ /mnt/e/WSL/sftware/cmake/share/cmake-3.25/Modules/CMakeCXXCompilerABI.cpp
clang -cc1 version 12.0.9 based upon LLVM 12.0.9git default target x86_64-unknown-linux-gnu
ignoring nonexistent directory "/home/butter/CODES/Andr/ndk/android-ndk-r23c/toolchains/llvm/prebuilt/linux-x86_64/sysroot/include"
ignoring duplicate directory "."
#include "..." search starts here:
#include <...> search starts here:
 .
 /usr/local/cuda/include
 /home/butter/CODES/Andr/ndk/android-ndk-r23c/toolchains/llvm/prebuilt/linux-x86_64/sysroot/usr/include/c++/v1
 /home/butter/CODES/Andr/ndk/android-ndk-r23c/toolchains/llvm/prebuilt/linux-x86_64/sysroot/usr/local/include
 /home/butter/CODES/Andr/ndk/android-ndk-r23c/toolchains/llvm/prebuilt/linux-x86_64/lib64/clang/12.0.9/include
 /home/butter/CODES/Andr/ndk/android-ndk-r23c/toolchains/llvm/prebuilt/linux-x86_64/sysroot/usr/include/aarch64-linux-android
 /home/butter/CODES/Andr/ndk/android-ndk-r23c/toolchains/llvm/prebuilt/linux-x86_64/sysroot/usr/include
End of search list.
Linking CXX executable cmTC_170ab
/mnt/e/WSL/sftware/cmake/bin/cmake -E cmake_link_script CMakeFiles/cmTC_170ab.dir/link.txt --verbose=1
/home/butter/CODES/Andr/ndk/android-ndk-r23c/toolchains/llvm/prebuilt/linux-x86_64/bin/clang++ --target=aarch64-none-linux-android21 --gcc-toolchain=/home/butter/CODES/Andr/ndk/android-ndk-r23c/toolchains/llvm/prebuilt/linux-x86_64 --sysroot=/home/butter/CODES/Andr/ndk/android-ndk-r23c/toolchains/llvm/prebuilt/linux-x86_64/sysroot -g -DANDROID -fdata-sections -ffunction-sections -funwind-tables -fstack-protector-strong -no-canonical-prefixes -D_FORTIFY_SOURCE=2 -Wformat    -static-libstdc++ -Wl,--build-id=sha1 -Wl,--no-rosegment -Wl,--fatal-warnings -Wl,--no-undefined -Qunused-arguments -Wl,--gc-sections  -v CMakeFiles/cmTC_170ab.dir/CMakeCXXCompilerABI.cpp.o -o cmTC_170ab 
Android (8481493, based on r416183c2) clang version 12.0.9 (https://android.googlesource.com/toolchain/llvm-project c935d99d7cf2016289302412d708641d52d2f7ee)
Target: aarch64-none-linux-android21
Thread model: posix
InstalledDir: /home/butter/CODES/Andr/ndk/android-ndk-r23c/toolchains/llvm/prebuilt/linux-x86_64/bin
Found candidate GCC installation: /home/butter/CODES/Andr/ndk/android-ndk-r23c/toolchains/llvm/prebuilt/linux-x86_64/lib/gcc/aarch64-linux-android/4.9.x
Selected GCC installation: /home/butter/CODES/Andr/ndk/android-ndk-r23c/toolchains/llvm/prebuilt/linux-x86_64/lib/gcc/aarch64-linux-android/4.9.x
Candidate multilib: .;@m64
Selected multilib: .;@m64
Found CUDA installation: /usr/local/cuda-11.8, version 11.0
 "/home/butter/CODES/Andr/ndk/android-ndk-r23c/toolchains/llvm/prebuilt/linux-x86_64/bin/ld" --sysroot=/home/butter/CODES/Andr/ndk/android-ndk-r23c/toolchains/llvm/prebuilt/linux-x86_64/sysroot -pie -z noexecstack -EL --fix-cortex-a53-843419 --warn-shared-textrel -z now -z relro -z max-page-size=4096 --hash-style=both --enable-new-dtags --eh-frame-hdr -m aarch64linux -dynamic-linker /system/bin/linker64 -o cmTC_170ab /home/butter/CODES/Andr/ndk/android-ndk-r23c/toolchains/llvm/prebuilt/linux-x86_64/sysroot/usr/lib/aarch64-linux-android/21/crtbegin_dynamic.o -L/home/butter/CODES/Andr/ndk/android-ndk-r23c/toolchains/llvm/prebuilt/linux-x86_64/lib64/clang/12.0.9/lib/linux/aarch64 -L/home/butter/CODES/Andr/ndk/android-ndk-r23c/toolchains/llvm/prebuilt/linux-x86_64/lib/gcc/aarch64-linux-android/4.9.x -L/home/butter/CODES/Andr/ndk/android-ndk-r23c/toolchains/llvm/prebuilt/linux-x86_64/sysroot/usr/lib/aarch64-linux-android/21 -L/home/butter/CODES/Andr/ndk/android-ndk-r23c/toolchains/llvm/prebuilt/linux-x86_64/sysroot/usr/lib/aarch64-linux-android -L/home/butter/CODES/Andr/ndk/android-ndk-r23c/toolchains/llvm/prebuilt/linux-x86_64/sysroot/usr/lib --build-id=sha1 --no-rosegment --fatal-warnings --no-undefined --gc-sections CMakeFiles/cmTC_170ab.dir/CMakeCXXCompilerABI.cpp.o -Bstatic -lc++ -Bdynamic -lm /home/butter/CODES/Andr/ndk/android-ndk-r23c/toolchains/llvm/prebuilt/linux-x86_64/lib64/clang/12.0.9/lib/linux/libclang_rt.builtins-aarch64-android.a -l:libunwind.a -ldl -lc /home/butter/CODES/Andr/ndk/android-ndk-r23c/toolchains/llvm/prebuilt/linux-x86_64/lib64/clang/12.0.9/lib/linux/libclang_rt.builtins-aarch64-android.a -l:libunwind.a -ldl /home/butter/CODES/Andr/ndk/android-ndk-r23c/toolchains/llvm/prebuilt/linux-x86_64/sysroot/usr/lib/aarch64-linux-android/21/crtend_android.o
gmake[1]: Leaving directory '/mnt/e/P/SRC/Eng/Lang/cpp/langAlg/build/CMakeFiles/CMakeScratch/TryCompile-ueyhCO'



Parsed CXX implicit include dir info from above output: rv=done
  found start of include info
  found start of implicit include info
    add: [.]
    add: [/usr/local/cuda/include]
    add: [/home/butter/CODES/Andr/ndk/android-ndk-r23c/toolchains/llvm/prebuilt/linux-x86_64/sysroot/usr/include/c++/v1]
    add: [/home/butter/CODES/Andr/ndk/android-ndk-r23c/toolchains/llvm/prebuilt/linux-x86_64/sysroot/usr/local/include]
    add: [/home/butter/CODES/Andr/ndk/android-ndk-r23c/toolchains/llvm/prebuilt/linux-x86_64/lib64/clang/12.0.9/include]
    add: [/home/butter/CODES/Andr/ndk/android-ndk-r23c/toolchains/llvm/prebuilt/linux-x86_64/sysroot/usr/include/aarch64-linux-android]
    add: [/home/butter/CODES/Andr/ndk/android-ndk-r23c/toolchains/llvm/prebuilt/linux-x86_64/sysroot/usr/include]
  end of search list found
  skipping relative include dir [.]
  collapse include dir [/usr/local/cuda/include] ==> [/usr/local/cuda/include]
  collapse include dir [/home/butter/CODES/Andr/ndk/android-ndk-r23c/toolchains/llvm/prebuilt/linux-x86_64/sysroot/usr/include/c++/v1] ==> [/home/butter/CODES/Andr/ndk/android-ndk-r23c/toolchains/llvm/prebuilt/linux-x86_64/sysroot/usr/include/c++/v1]
  collapse include dir [/home/butter/CODES/Andr/ndk/android-ndk-r23c/toolchains/llvm/prebuilt/linux-x86_64/sysroot/usr/local/include] ==> [/home/butter/CODES/Andr/ndk/android-ndk-r23c/toolchains/llvm/prebuilt/linux-x86_64/sysroot/usr/local/include]
  collapse include dir [/home/butter/CODES/Andr/ndk/android-ndk-r23c/toolchains/llvm/prebuilt/linux-x86_64/lib64/clang/12.0.9/include] ==> [/home/butter/CODES/Andr/ndk/android-ndk-r23c/toolchains/llvm/prebuilt/linux-x86_64/lib64/clang/12.0.9/include]
  collapse include dir [/home/butter/CODES/Andr/ndk/android-ndk-r23c/toolchains/llvm/prebuilt/linux-x86_64/sysroot/usr/include/aarch64-linux-android] ==> [/home/butter/CODES/Andr/ndk/android-ndk-r23c/toolchains/llvm/prebuilt/linux-x86_64/sysroot/usr/include/aarch64-linux-android]
  collapse include dir [/home/butter/CODES/Andr/ndk/android-ndk-r23c/toolchains/llvm/prebuilt/linux-x86_64/sysroot/usr/include] ==> [/home/butter/CODES/Andr/ndk/android-ndk-r23c/toolchains/llvm/prebuilt/linux-x86_64/sysroot/usr/include]
  implicit include dirs: [/usr/local/cuda/include;/home/butter/CODES/Andr/ndk/android-ndk-r23c/toolchains/llvm/prebuilt/linux-x86_64/sysroot/usr/include/c++/v1;/home/butter/CODES/Andr/ndk/android-ndk-r23c/toolchains/llvm/prebuilt/linux-x86_64/sysroot/usr/local/include;/home/butter/CODES/Andr/ndk/android-ndk-r23c/toolchains/llvm/prebuilt/linux-x86_64/lib64/clang/12.0.9/include;/home/butter/CODES/Andr/ndk/android-ndk-r23c/toolchains/llvm/prebuilt/linux-x86_64/sysroot/usr/include/aarch64-linux-android;/home/butter/CODES/Andr/ndk/android-ndk-r23c/toolchains/llvm/prebuilt/linux-x86_64/sysroot/usr/include]


Parsed CXX implicit link information from above output:
  link line regex: [^( *|.*[/\])(ld\.lld|CMAKE_LINK_STARTFILE-NOTFOUND|([^/\]+-)?ld|collect2)[^/\]*( |$)]
  ignore line: [Change Dir: /mnt/e/P/SRC/Eng/Lang/cpp/langAlg/build/CMakeFiles/CMakeScratch/TryCompile-ueyhCO]
  ignore line: []
  ignore line: [Run Build Command(s):/usr/bin/gmake -f Makefile cmTC_170ab/fast && /usr/bin/gmake  -f CMakeFiles/cmTC_170ab.dir/build.make CMakeFiles/cmTC_170ab.dir/build]
  ignore line: [gmake[1]: Entering directory '/mnt/e/P/SRC/Eng/Lang/cpp/langAlg/build/CMakeFiles/CMakeScratch/TryCompile-ueyhCO']
  ignore line: [Building CXX object CMakeFiles/cmTC_170ab.dir/CMakeCXXCompilerABI.cpp.o]
  ignore line: [/home/butter/CODES/Andr/ndk/android-ndk-r23c/toolchains/llvm/prebuilt/linux-x86_64/bin/clang++ --target=aarch64-none-linux-android21 --gcc-toolchain=/home/butter/CODES/Andr/ndk/android-ndk-r23c/toolchains/llvm/prebuilt/linux-x86_64 --sysroot=/home/butter/CODES/Andr/ndk/android-ndk-r23c/toolchains/llvm/prebuilt/linux-x86_64/sysroot   -g -DANDROID -fdata-sections -ffunction-sections -funwind-tables -fstack-protector-strong -no-canonical-prefixes -D_FORTIFY_SOURCE=2 -Wformat    -fPIE   -v -MD -MT CMakeFiles/cmTC_170ab.dir/CMakeCXXCompilerABI.cpp.o -MF CMakeFiles/cmTC_170ab.dir/CMakeCXXCompilerABI.cpp.o.d -o CMakeFiles/cmTC_170ab.dir/CMakeCXXCompilerABI.cpp.o -c /mnt/e/WSL/sftware/cmake/share/cmake-3.25/Modules/CMakeCXXCompilerABI.cpp]
  ignore line: [Android (8481493  based on r416183c2) clang version 12.0.9 (https://android.googlesource.com/toolchain/llvm-project c935d99d7cf2016289302412d708641d52d2f7ee)]
  ignore line: [Target: aarch64-none-linux-android21]
  ignore line: [Thread model: posix]
  ignore line: [InstalledDir: /home/butter/CODES/Andr/ndk/android-ndk-r23c/toolchains/llvm/prebuilt/linux-x86_64/bin]
  ignore line: [Found candidate GCC installation: /home/butter/CODES/Andr/ndk/android-ndk-r23c/toolchains/llvm/prebuilt/linux-x86_64/lib/gcc/aarch64-linux-android/4.9.x]
  ignore line: [Selected GCC installation: /home/butter/CODES/Andr/ndk/android-ndk-r23c/toolchains/llvm/prebuilt/linux-x86_64/lib/gcc/aarch64-linux-android/4.9.x]
  ignore line: [Candidate multilib: .]
  ignore line: [@m64]
  ignore line: [Selected multilib: .]
  ignore line: [@m64]
  ignore line: [Found CUDA installation: /usr/local/cuda-11.8  version 11.0]
  ignore line: [ (in-process)]
  ignore line: [ "/home/butter/CODES/Andr/ndk/android-ndk-r23c/toolchains/llvm/prebuilt/linux-x86_64/bin/clang++" -cc1 -triple aarch64-none-linux-android21 -emit-obj -mrelax-all --mrelax-relocations -mnoexecstack -disable-free -disable-llvm-verifier -discard-value-names -main-file-name CMakeCXXCompilerABI.cpp -mrelocation-model pic -pic-level 2 -pic-is-pie -mframe-pointer=non-leaf -fno-rounding-math -mconstructor-aliases -munwind-tables -target-cpu generic -target-feature +neon -target-abi aapcs -mllvm -aarch64-fix-cortex-a53-835769=1 -fallow-half-arguments-and-returns -fno-split-dwarf-inlining -debug-info-kind=limited -dwarf-version=4 -debugger-tuning=gdb -v -ffunction-sections -fdata-sections -resource-dir /home/butter/CODES/Andr/ndk/android-ndk-r23c/toolchains/llvm/prebuilt/linux-x86_64/lib64/clang/12.0.9 -dependency-file CMakeFiles/cmTC_170ab.dir/CMakeCXXCompilerABI.cpp.o.d -MT CMakeFiles/cmTC_170ab.dir/CMakeCXXCompilerABI.cpp.o -sys-header-deps -D ANDROID -D _FORTIFY_SOURCE=2 -isysroot /home/butter/CODES/Andr/ndk/android-ndk-r23c/toolchains/llvm/prebuilt/linux-x86_64/sysroot -c-isystem . -c-isystem /usr/local/cuda/include -cxx-isystem . -cxx-isystem . -cxx-isystem /usr/local/cuda/include -internal-isystem /home/butter/CODES/Andr/ndk/android-ndk-r23c/toolchains/llvm/prebuilt/linux-x86_64/sysroot/usr/include/c++/v1 -internal-isystem /home/butter/CODES/Andr/ndk/android-ndk-r23c/toolchains/llvm/prebuilt/linux-x86_64/sysroot/usr/local/include -internal-isystem /home/butter/CODES/Andr/ndk/android-ndk-r23c/toolchains/llvm/prebuilt/linux-x86_64/lib64/clang/12.0.9/include -internal-externc-isystem /home/butter/CODES/Andr/ndk/android-ndk-r23c/toolchains/llvm/prebuilt/linux-x86_64/sysroot/usr/include/aarch64-linux-android -internal-externc-isystem /home/butter/CODES/Andr/ndk/android-ndk-r23c/toolchains/llvm/prebuilt/linux-x86_64/sysroot/include -internal-externc-isystem /home/butter/CODES/Andr/ndk/android-ndk-r23c/toolchains/llvm/prebuilt/linux-x86_64/sysroot/usr/include -Wformat -fdeprecated-macro -fdebug-compilation-dir /mnt/e/P/SRC/Eng/Lang/cpp/langAlg/build/CMakeFiles/CMakeScratch/TryCompile-ueyhCO -ferror-limit 19 -stack-protector 2 -fno-signed-char -fgnuc-version=4.2.1 -fcxx-exceptions -fexceptions -o CMakeFiles/cmTC_170ab.dir/CMakeCXXCompilerABI.cpp.o -x c++ /mnt/e/WSL/sftware/cmake/share/cmake-3.25/Modules/CMakeCXXCompilerABI.cpp]
  ignore line: [clang -cc1 version 12.0.9 based upon LLVM 12.0.9git default target x86_64-unknown-linux-gnu]
  ignore line: [ignoring nonexistent directory "/home/butter/CODES/Andr/ndk/android-ndk-r23c/toolchains/llvm/prebuilt/linux-x86_64/sysroot/include"]
  ignore line: [ignoring duplicate directory "."]
  ignore line: [#include "..." search starts here:]
  ignore line: [#include <...> search starts here:]
  ignore line: [ .]
  ignore line: [ /usr/local/cuda/include]
  ignore line: [ /home/butter/CODES/Andr/ndk/android-ndk-r23c/toolchains/llvm/prebuilt/linux-x86_64/sysroot/usr/include/c++/v1]
  ignore line: [ /home/butter/CODES/Andr/ndk/android-ndk-r23c/toolchains/llvm/prebuilt/linux-x86_64/sysroot/usr/local/include]
  ignore line: [ /home/butter/CODES/Andr/ndk/android-ndk-r23c/toolchains/llvm/prebuilt/linux-x86_64/lib64/clang/12.0.9/include]
  ignore line: [ /home/butter/CODES/Andr/ndk/android-ndk-r23c/toolchains/llvm/prebuilt/linux-x86_64/sysroot/usr/include/aarch64-linux-android]
  ignore line: [ /home/butter/CODES/Andr/ndk/android-ndk-r23c/toolchains/llvm/prebuilt/linux-x86_64/sysroot/usr/include]
  ignore line: [End of search list.]
  ignore line: [Linking CXX executable cmTC_170ab]
  ignore line: [/mnt/e/WSL/sftware/cmake/bin/cmake -E cmake_link_script CMakeFiles/cmTC_170ab.dir/link.txt --verbose=1]
  ignore line: [/home/butter/CODES/Andr/ndk/android-ndk-r23c/toolchains/llvm/prebuilt/linux-x86_64/bin/clang++ --target=aarch64-none-linux-android21 --gcc-toolchain=/home/butter/CODES/Andr/ndk/android-ndk-r23c/toolchains/llvm/prebuilt/linux-x86_64 --sysroot=/home/butter/CODES/Andr/ndk/android-ndk-r23c/toolchains/llvm/prebuilt/linux-x86_64/sysroot -g -DANDROID -fdata-sections -ffunction-sections -funwind-tables -fstack-protector-strong -no-canonical-prefixes -D_FORTIFY_SOURCE=2 -Wformat    -static-libstdc++ -Wl --build-id=sha1 -Wl --no-rosegment -Wl --fatal-warnings -Wl --no-undefined -Qunused-arguments -Wl --gc-sections  -v CMakeFiles/cmTC_170ab.dir/CMakeCXXCompilerABI.cpp.o -o cmTC_170ab ]
  ignore line: [Android (8481493  based on r416183c2) clang version 12.0.9 (https://android.googlesource.com/toolchain/llvm-project c935d99d7cf2016289302412d708641d52d2f7ee)]
  ignore line: [Target: aarch64-none-linux-android21]
  ignore line: [Thread model: posix]
  ignore line: [InstalledDir: /home/butter/CODES/Andr/ndk/android-ndk-r23c/toolchains/llvm/prebuilt/linux-x86_64/bin]
  ignore line: [Found candidate GCC installation: /home/butter/CODES/Andr/ndk/android-ndk-r23c/toolchains/llvm/prebuilt/linux-x86_64/lib/gcc/aarch64-linux-android/4.9.x]
  ignore line: [Selected GCC installation: /home/butter/CODES/Andr/ndk/android-ndk-r23c/toolchains/llvm/prebuilt/linux-x86_64/lib/gcc/aarch64-linux-android/4.9.x]
  ignore line: [Candidate multilib: .]
  ignore line: [@m64]
  ignore line: [Selected multilib: .]
  ignore line: [@m64]
  ignore line: [Found CUDA installation: /usr/local/cuda-11.8  version 11.0]
  link line: [ "/home/butter/CODES/Andr/ndk/android-ndk-r23c/toolchains/llvm/prebuilt/linux-x86_64/bin/ld" --sysroot=/home/butter/CODES/Andr/ndk/android-ndk-r23c/toolchains/llvm/prebuilt/linux-x86_64/sysroot -pie -z noexecstack -EL --fix-cortex-a53-843419 --warn-shared-textrel -z now -z relro -z max-page-size=4096 --hash-style=both --enable-new-dtags --eh-frame-hdr -m aarch64linux -dynamic-linker /system/bin/linker64 -o cmTC_170ab /home/butter/CODES/Andr/ndk/android-ndk-r23c/toolchains/llvm/prebuilt/linux-x86_64/sysroot/usr/lib/aarch64-linux-android/21/crtbegin_dynamic.o -L/home/butter/CODES/Andr/ndk/android-ndk-r23c/toolchains/llvm/prebuilt/linux-x86_64/lib64/clang/12.0.9/lib/linux/aarch64 -L/home/butter/CODES/Andr/ndk/android-ndk-r23c/toolchains/llvm/prebuilt/linux-x86_64/lib/gcc/aarch64-linux-android/4.9.x -L/home/butter/CODES/Andr/ndk/android-ndk-r23c/toolchains/llvm/prebuilt/linux-x86_64/sysroot/usr/lib/aarch64-linux-android/21 -L/home/butter/CODES/Andr/ndk/android-ndk-r23c/toolchains/llvm/prebuilt/linux-x86_64/sysroot/usr/lib/aarch64-linux-android -L/home/butter/CODES/Andr/ndk/android-ndk-r23c/toolchains/llvm/prebuilt/linux-x86_64/sysroot/usr/lib --build-id=sha1 --no-rosegment --fatal-warnings --no-undefined --gc-sections CMakeFiles/cmTC_170ab.dir/CMakeCXXCompilerABI.cpp.o -Bstatic -lc++ -Bdynamic -lm /home/butter/CODES/Andr/ndk/android-ndk-r23c/toolchains/llvm/prebuilt/linux-x86_64/lib64/clang/12.0.9/lib/linux/libclang_rt.builtins-aarch64-android.a -l:libunwind.a -ldl -lc /home/butter/CODES/Andr/ndk/android-ndk-r23c/toolchains/llvm/prebuilt/linux-x86_64/lib64/clang/12.0.9/lib/linux/libclang_rt.builtins-aarch64-android.a -l:libunwind.a -ldl /home/butter/CODES/Andr/ndk/android-ndk-r23c/toolchains/llvm/prebuilt/linux-x86_64/sysroot/usr/lib/aarch64-linux-android/21/crtend_android.o]
    arg [/home/butter/CODES/Andr/ndk/android-ndk-r23c/toolchains/llvm/prebuilt/linux-x86_64/bin/ld] ==> ignore
    arg [--sysroot=/home/butter/CODES/Andr/ndk/android-ndk-r23c/toolchains/llvm/prebuilt/linux-x86_64/sysroot] ==> ignore
    arg [-pie] ==> ignore
    arg [-znoexecstack] ==> ignore
    arg [-EL] ==> ignore
    arg [--fix-cortex-a53-843419] ==> ignore
    arg [--warn-shared-textrel] ==> ignore
    arg [-znow] ==> ignore
    arg [-zrelro] ==> ignore
    arg [-zmax-page-size=4096] ==> ignore
    arg [--hash-style=both] ==> ignore
    arg [--enable-new-dtags] ==> ignore
    arg [--eh-frame-hdr] ==> ignore
    arg [-m] ==> ignore
    arg [aarch64linux] ==> ignore
    arg [-dynamic-linker] ==> ignore
    arg [/system/bin/linker64] ==> ignore
    arg [-o] ==> ignore
    arg [cmTC_170ab] ==> ignore
    arg [/home/butter/CODES/Andr/ndk/android-ndk-r23c/toolchains/llvm/prebuilt/linux-x86_64/sysroot/usr/lib/aarch64-linux-android/21/crtbegin_dynamic.o] ==> obj [/home/butter/CODES/Andr/ndk/android-ndk-r23c/toolchains/llvm/prebuilt/linux-x86_64/sysroot/usr/lib/aarch64-linux-android/21/crtbegin_dynamic.o]
    arg [-L/home/butter/CODES/Andr/ndk/android-ndk-r23c/toolchains/llvm/prebuilt/linux-x86_64/lib64/clang/12.0.9/lib/linux/aarch64] ==> dir [/home/butter/CODES/Andr/ndk/android-ndk-r23c/toolchains/llvm/prebuilt/linux-x86_64/lib64/clang/12.0.9/lib/linux/aarch64]
    arg [-L/home/butter/CODES/Andr/ndk/android-ndk-r23c/toolchains/llvm/prebuilt/linux-x86_64/lib/gcc/aarch64-linux-android/4.9.x] ==> dir [/home/butter/CODES/Andr/ndk/android-ndk-r23c/toolchains/llvm/prebuilt/linux-x86_64/lib/gcc/aarch64-linux-android/4.9.x]
    arg [-L/home/butter/CODES/Andr/ndk/android-ndk-r23c/toolchains/llvm/prebuilt/linux-x86_64/sysroot/usr/lib/aarch64-linux-android/21] ==> dir [/home/butter/CODES/Andr/ndk/android-ndk-r23c/toolchains/llvm/prebuilt/linux-x86_64/sysroot/usr/lib/aarch64-linux-android/21]
    arg [-L/home/butter/CODES/Andr/ndk/android-ndk-r23c/toolchains/llvm/prebuilt/linux-x86_64/sysroot/usr/lib/aarch64-linux-android] ==> dir [/home/butter/CODES/Andr/ndk/android-ndk-r23c/toolchains/llvm/prebuilt/linux-x86_64/sysroot/usr/lib/aarch64-linux-android]
    arg [-L/home/butter/CODES/Andr/ndk/android-ndk-r23c/toolchains/llvm/prebuilt/linux-x86_64/sysroot/usr/lib] ==> dir [/home/butter/CODES/Andr/ndk/android-ndk-r23c/toolchains/llvm/prebuilt/linux-x86_64/sysroot/usr/lib]
    arg [--build-id=sha1] ==> ignore
    arg [--no-rosegment] ==> ignore
    arg [--fatal-warnings] ==> ignore
    arg [--no-undefined] ==> ignore
    arg [--gc-sections] ==> ignore
    arg [CMakeFiles/cmTC_170ab.dir/CMakeCXXCompilerABI.cpp.o] ==> ignore
    arg [-Bstatic] ==> search static
    arg [-lc++] ==> lib [c++]
    arg [-Bdynamic] ==> search dynamic
    arg [-lm] ==> lib [m]
    arg [/home/butter/CODES/Andr/ndk/android-ndk-r23c/toolchains/llvm/prebuilt/linux-x86_64/lib64/clang/12.0.9/lib/linux/libclang_rt.builtins-aarch64-android.a] ==> lib [/home/butter/CODES/Andr/ndk/android-ndk-r23c/toolchains/llvm/prebuilt/linux-x86_64/lib64/clang/12.0.9/lib/linux/libclang_rt.builtins-aarch64-android.a]
    arg [-l:libunwind.a] ==> lib [-l:libunwind.a]
    arg [-ldl] ==> lib [dl]
    arg [-lc] ==> lib [c]
    arg [/home/butter/CODES/Andr/ndk/android-ndk-r23c/toolchains/llvm/prebuilt/linux-x86_64/lib64/clang/12.0.9/lib/linux/libclang_rt.builtins-aarch64-android.a] ==> lib [/home/butter/CODES/Andr/ndk/android-ndk-r23c/toolchains/llvm/prebuilt/linux-x86_64/lib64/clang/12.0.9/lib/linux/libclang_rt.builtins-aarch64-android.a]
    arg [-l:libunwind.a] ==> lib [-l:libunwind.a]
    arg [-ldl] ==> lib [dl]
    arg [/home/butter/CODES/Andr/ndk/android-ndk-r23c/toolchains/llvm/prebuilt/linux-x86_64/sysroot/usr/lib/aarch64-linux-android/21/crtend_android.o] ==> obj [/home/butter/CODES/Andr/ndk/android-ndk-r23c/toolchains/llvm/prebuilt/linux-x86_64/sysroot/usr/lib/aarch64-linux-android/21/crtend_android.o]
  remove lib [/home/butter/CODES/Andr/ndk/android-ndk-r23c/toolchains/llvm/prebuilt/linux-x86_64/lib64/clang/12.0.9/lib/linux/libclang_rt.builtins-aarch64-android.a]
  remove lib [/home/butter/CODES/Andr/ndk/android-ndk-r23c/toolchains/llvm/prebuilt/linux-x86_64/lib64/clang/12.0.9/lib/linux/libclang_rt.builtins-aarch64-android.a]
  collapse library dir [/home/butter/CODES/Andr/ndk/android-ndk-r23c/toolchains/llvm/prebuilt/linux-x86_64/lib64/clang/12.0.9/lib/linux/aarch64] ==> [/home/butter/CODES/Andr/ndk/android-ndk-r23c/toolchains/llvm/prebuilt/linux-x86_64/lib64/clang/12.0.9/lib/linux/aarch64]
  collapse library dir [/home/butter/CODES/Andr/ndk/android-ndk-r23c/toolchains/llvm/prebuilt/linux-x86_64/lib/gcc/aarch64-linux-android/4.9.x] ==> [/home/butter/CODES/Andr/ndk/android-ndk-r23c/toolchains/llvm/prebuilt/linux-x86_64/lib/gcc/aarch64-linux-android/4.9.x]
  collapse library dir [/home/butter/CODES/Andr/ndk/android-ndk-r23c/toolchains/llvm/prebuilt/linux-x86_64/sysroot/usr/lib/aarch64-linux-android/21] ==> [/home/butter/CODES/Andr/ndk/android-ndk-r23c/toolchains/llvm/prebuilt/linux-x86_64/sysroot/usr/lib/aarch64-linux-android/21]
  collapse library dir [/home/butter/CODES/Andr/ndk/android-ndk-r23c/toolchains/llvm/prebuilt/linux-x86_64/sysroot/usr/lib/aarch64-linux-android] ==> [/home/butter/CODES/Andr/ndk/android-ndk-r23c/toolchains/llvm/prebuilt/linux-x86_64/sysroot/usr/lib/aarch64-linux-android]
  collapse library dir [/home/butter/CODES/Andr/ndk/android-ndk-r23c/toolchains/llvm/prebuilt/linux-x86_64/sysroot/usr/lib] ==> [/home/butter/CODES/Andr/ndk/android-ndk-r23c/toolchains/llvm/prebuilt/linux-x86_64/sysroot/usr/lib]
  implicit libs: [c++;m;-l:libunwind.a;dl;c;-l:libunwind.a;dl]
  implicit objs: [/home/butter/CODES/Andr/ndk/android-ndk-r23c/toolchains/llvm/prebuilt/linux-x86_64/sysroot/usr/lib/aarch64-linux-android/21/crtbegin_dynamic.o;/home/butter/CODES/Andr/ndk/android-ndk-r23c/toolchains/llvm/prebuilt/linux-x86_64/sysroot/usr/lib/aarch64-linux-android/21/crtend_android.o]
  implicit dirs: [/home/butter/CODES/Andr/ndk/android-ndk-r23c/toolchains/llvm/prebuilt/linux-x86_64/lib64/clang/12.0.9/lib/linux/aarch64;/home/butter/CODES/Andr/ndk/android-ndk-r23c/toolchains/llvm/prebuilt/linux-x86_64/lib/gcc/aarch64-linux-android/4.9.x;/home/butter/CODES/Andr/ndk/android-ndk-r23c/toolchains/llvm/prebuilt/linux-x86_64/sysroot/usr/lib/aarch64-linux-android/21;/home/butter/CODES/Andr/ndk/android-ndk-r23c/toolchains/llvm/prebuilt/linux-x86_64/sysroot/usr/lib/aarch64-linux-android;/home/butter/CODES/Andr/ndk/android-ndk-r23c/toolchains/llvm/prebuilt/linux-x86_64/sysroot/usr/lib]
  implicit fwks: []


